<?xml version="1.0" encoding="UTF-8"?>
<!-- Generated by org.testng.reporters.JUnitReportReporter -->
<testsuite hostname="LAPTOP-UQOGLCI3" failures="0" tests="1" name="com.omayo.centerpagetest.HTMLFormTest" time="14.471" errors="0" timestamp="2023-10-22T13:30:01 EET" skipped="0">
  <testcase classname="com.omayo.centerpagetest.HTMLFormTest" name="hTMLFormTest" time="14.471"/>
  <system-out/>
</testsuite> <!-- com.omayo.centerpagetest.HTMLFormTest -->
