<?xml version="1.0" encoding="UTF-8"?>
<!-- Generated by org.testng.reporters.JUnitReportReporter -->
<testsuite hostname="LAPTOP-UQOGLCI3" failures="0" tests="1" name="com.omayo.leftpagetest.OrderedListTest" time="7.367" errors="0" timestamp="2023-10-22T13:32:52 EET" skipped="0">
  <testcase classname="com.omayo.leftpagetest.OrderedListTest" name="orderedListTest" time="7.367"/>
  <system-out/>
</testsuite> <!-- com.omayo.leftpagetest.OrderedListTest -->
